# JRE version: OpenJDK Runtime Environment (7.0_51) (build 1.7.0_51-b00)
# Java VM: OpenJDK Client VM (24.45-b08 mixed mode, sharing linux-x86 )
Heap
 def new generation   total 4928K, used 2893K [0x6e980000, 0x6eed0000, 0x79420000)
  eden space 4416K,  53% used [0x6e980000, 0x6ebd3708, 0x6edd0000)
  from space 512K, 100% used [0x6edd0000, 0x6ee50000, 0x6ee50000)
  to   space 512K,   0% used [0x6ee50000, 0x6ee50000, 0x6eed0000)
 tenured generation   total 10944K, used 2249K [0x79420000, 0x79ed0000, 0x8e980000)
   the space 10944K,  20% used [0x79420000, 0x79652440, 0x79652600, 0x79ed0000)
 compacting perm gen  total 12288K, used 2592K [0x8e980000, 0x8f580000, 0x92980000)
   the space 12288K,  21% used [0x8e980000, 0x8ec08258, 0x8ec08400, 0x8f580000)
    ro space 10240K,  58% used [0x92980000, 0x92f5c810, 0x92f5ca00, 0x93380000)
    rw space 12288K,  59% used [0x93380000, 0x93a9ce58, 0x93a9d000, 0x93f80000)
GC Heap History (8 events):
Event: 0.952 GC heap before
{Heap before GC invocations=0 (full 0):
 def new generation   total 4928K, used 4403K [0x6e980000, 0x6eed0000, 0x79420000)
  eden space 4416K,  99% used [0x6e980000, 0x6edccda8, 0x6edd0000)
  from space 512K,   0% used [0x6edd0000, 0x6edd0000, 0x6ee50000)
  to   space 512K,   0% used [0x6ee50000, 0x6ee50000, 0x6eed0000)
 tenured generation   total 10944K, used 0K [0x79420000, 0x79ed0000, 0x8e980000)
   the space 10944K,   0% used [0x79420000, 0x79420000, 0x79420200, 0x79ed0000)
 compacting perm gen  total 12288K, used 930K [0x8e980000, 0x8f580000, 0x92980000)
   the space 12288K,   7% used [0x8e980000, 0x8ea68908, 0x8ea68a00, 0x8f580000)
    ro space 10240K,  58% used [0x92980000, 0x92f5c810, 0x92f5ca00, 0x93380000)
    rw space 12288K,  59% used [0x93380000, 0x93a9ce58, 0x93a9d000, 0x93f80000)
Event: 0.963 GC heap after
Heap after GC invocations=1 (full 0):
 def new generation   total 4928K, used 512K [0x6e980000, 0x6eed0000, 0x79420000)
  eden space 4416K,   0% used [0x6e980000, 0x6e980000, 0x6edd0000)
  from space 512K, 100% used [0x6ee50000, 0x6eed0000, 0x6eed0000)
  to   space 512K,   0% used [0x6edd0000, 0x6edd0000, 0x6ee50000)
 tenured generation   total 10944K, used 545K [0x79420000, 0x79ed0000, 0x8e980000)
   the space 10944K,   4% used [0x79420000, 0x794a8490, 0x794a8600, 0x79ed0000)
 compacting perm gen  total 12288K, used 930K [0x8e980000, 0x8f580000, 0x92980000)
   the space 12288K,   7% used [0x8e980000, 0x8ea68908, 0x8ea68a00, 0x8f580000)
    ro space 10240K,  58% used [0x92980000, 0x92f5c810, 0x92f5ca00, 0x93380000)
    rw space 12288K,  59% used [0x93380000, 0x93a9ce58, 0x93a9d000, 0x93f80000)
}
Event: 2.248 GC heap before
{Heap before GC invocations=1 (full 0):
 def new generation   total 4928K, used 4928K [0x6e980000, 0x6eed0000, 0x79420000)
  eden space 4416K, 100% used [0x6e980000, 0x6edd0000, 0x6edd0000)
  from space 512K, 100% used [0x6ee50000, 0x6eed0000, 0x6eed0000)
  to   space 512K,   0% used [0x6edd0000, 0x6edd0000, 0x6ee50000)
 tenured generation   total 10944K, used 545K [0x79420000, 0x79ed0000, 0x8e980000)
   the space 10944K,   4% used [0x79420000, 0x794a8490, 0x794a8600, 0x79ed0000)
 compacting perm gen  total 12288K, used 1847K [0x8e980000, 0x8f580000, 0x92980000)
   the space 12288K,  15% used [0x8e980000, 0x8eb4dd10, 0x8eb4de00, 0x8f580000)
    ro space 10240K,  58% used [0x92980000, 0x92f5c810, 0x92f5ca00, 0x93380000)
    rw space 12288K,  59% used [0x93380000, 0x93a9ce58, 0x93a9d000, 0x93f80000)
Event: 2.262 GC heap after
Heap after GC invocations=2 (full 0):
 def new generation   total 4928K, used 512K [0x6e980000, 0x6eed0000, 0x79420000)
  eden space 4416K,   0% used [0x6e980000, 0x6e980000, 0x6edd0000)
  from space 512K, 100% used [0x6edd0000, 0x6ee50000, 0x6ee50000)
  to   space 512K,   0% used [0x6ee50000, 0x6ee50000, 0x6eed0000)
 tenured generation   total 10944K, used 1551K [0x79420000, 0x79ed0000, 0x8e980000)
   the space 10944K,  14% used [0x79420000, 0x795a3ce8, 0x795a3e00, 0x79ed0000)
 compacting perm gen  total 12288K, used 1847K [0x8e980000, 0x8f580000, 0x92980000)
   the space 12288K,  15% used [0x8e980000, 0x8eb4dd10, 0x8eb4de00, 0x8f580000)
    ro space 10240K,  58% used [0x92980000, 0x92f5c810, 0x92f5ca00, 0x93380000)
    rw space 12288K,  59% used [0x93380000, 0x93a9ce58, 0x93a9d000, 0x93f80000)
}
Event: 3.815 GC heap before
{Heap before GC invocations=2 (full 0):
 def new generation   total 4928K, used 4928K [0x6e980000, 0x6eed0000, 0x79420000)
  eden space 4416K, 100% used [0x6e980000, 0x6edd0000, 0x6edd0000)
  from space 512K, 100% used [0x6edd0000, 0x6ee50000, 0x6ee50000)
  to   space 512K,   0% used [0x6ee50000, 0x6ee50000, 0x6eed0000)
 tenured generation   total 10944K, used 1551K [0x79420000, 0x79ed0000, 0x8e980000)
   the space 10944K,  14% used [0x79420000, 0x795a3ce8, 0x795a3e00, 0x79ed0000)
 compacting perm gen  total 12288K, used 2055K [0x8e980000, 0x8f580000, 0x92980000)
   the space 12288K,  16% used [0x8e980000, 0x8eb81ff0, 0x8eb82000, 0x8f580000)
    ro space 10240K,  58% used [0x92980000, 0x92f5c810, 0x92f5ca00, 0x93380000)
    rw space 12288K,  59% used [0x93380000, 0x93a9ce58, 0x93a9d000, 0x93f80000)
Event: 3.822 GC heap after
Heap after GC invocations=3 (full 0):
 def new generation   total 4928K, used 306K [0x6e980000, 0x6eed0000, 0x79420000)
  eden space 4416K,   0% used [0x6e980000, 0x6e980000, 0x6edd0000)
  from space 512K,  59% used [0x6ee50000, 0x6ee9c848, 0x6eed0000)
  to   space 512K,   0% used [0x6edd0000, 0x6edd0000, 0x6ee50000)
 tenured generation   total 10944K, used 2057K [0x79420000, 0x79ed0000, 0x8e980000)
   the space 10944K,  18% used [0x79420000, 0x79622448, 0x79622600, 0x79ed0000)
 compacting perm gen  total 12288K, used 2055K [0x8e980000, 0x8f580000, 0x92980000)
   the space 12288K,  16% used [0x8e980000, 0x8eb81ff0, 0x8eb82000, 0x8f580000)
    ro space 10240K,  58% used [0x92980000, 0x92f5c810, 0x92f5ca00, 0x93380000)
    rw space 12288K,  59% used [0x93380000, 0x93a9ce58, 0x93a9d000, 0x93f80000)
}
Event: 7.777 GC heap before
{Heap before GC invocations=3 (full 0):
 def new generation   total 4928K, used 4713K [0x6e980000, 0x6eed0000, 0x79420000)
  eden space 4416K,  99% used [0x6e980000, 0x6edcdf90, 0x6edd0000)
  from space 512K,  59% used [0x6ee50000, 0x6ee9c848, 0x6eed0000)
  to   space 512K,   0% used [0x6edd0000, 0x6edd0000, 0x6ee50000)
 tenured generation   total 10944K, used 2057K [0x79420000, 0x79ed0000, 0x8e980000)
   the space 10944K,  18% used [0x79420000, 0x79622448, 0x79622600, 0x79ed0000)
 compacting perm gen  total 12288K, used 2407K [0x8e980000, 0x8f580000, 0x92980000)
   the space 12288K,  19% used [0x8e980000, 0x8ebd9d60, 0x8ebd9e00, 0x8f580000)
    ro space 10240K,  58% used [0x92980000, 0x92f5c810, 0x92f5ca00, 0x93380000)
    rw space 12288K,  59% used [0x93380000, 0x93a9ce58, 0x93a9d000, 0x93f80000)
Event: 7.783 GC heap after
Heap after GC invocations=4 (full 0):
 def new generation   total 4928K, used 512K [0x6e980000, 0x6eed0000, 0x79420000)
  eden space 4416K,   0% used [0x6e980000, 0x6e980000, 0x6edd0000)
  from space 512K, 100% used [0x6edd0000, 0x6ee50000, 0x6ee50000)
  to   space 512K,   0% used [0x6ee50000, 0x6ee50000, 0x6eed0000)
 tenured generation   total 10944K, used 2249K [0x79420000, 0x79ed0000, 0x8e980000)
   the space 10944K,  20% used [0x79420000, 0x79652440, 0x79652600, 0x79ed0000)
 compacting perm gen  total 12288K, used 2407K [0x8e980000, 0x8f580000, 0x92980000)
   the space 12288K,  19% used [0x8e980000, 0x8ebd9d60, 0x8ebd9e00, 0x8f580000)
    ro space 10240K,  58% used [0x92980000, 0x92f5c810, 0x92f5ca00, 0x93380000)
    rw space 12288K,  59% used [0x93380000, 0x93a9ce58, 0x93a9d000, 0x93f80000)
}

